<?xml version="1.0" encoding="UTF-8"?>
<!-- Generated by org.testng.reporters.JUnitReportReporter -->
<testsuite hostname="DESKTOP-39IFEA8" failures="0" tests="1" name="com.testClasses.LoginPageTest" time="5.976" errors="0" timestamp="2022-09-14T23:10:54 IST" skipped="0">
  <testcase classname="com.testClasses.LoginPageTest" name="LoginTest" time="5.976"/>
  <system-out/>
</testsuite> <!-- com.testClasses.LoginPageTest -->
