<?xml version="1.0" encoding="UTF-8"?>
<!-- Generated by org.testng.reporters.JUnitReportReporter -->
<testsuite hostname="DESKTOP-39IFEA8" failures="0" tests="2" name="com.testClasses.LoginPageTest" time="10.260" errors="0" timestamp="2022-09-16T19:26:10 IST" skipped="0">
  <testcase classname="com.testClasses.LoginPageTest" name="PageAlign" time="4.518"/>
  <system-out/>
  <testcase classname="com.testClasses.LoginPageTest" name="LoginTest" time="5.742"/>
  <system-out/>
</testsuite> <!-- com.testClasses.LoginPageTest -->
